./tdq/01_a3294c9.patch:Binary a/org.talend.designer.components.tdqprovider/components/tDqReportRun/org.talend.core.runtime.jar
./tdq/01_a3294c9.patch:Binary a/org.talend.designer.components.tdqprovider/components/tDqReportRun/org.talend.metadata.managment.jar

./tdq/02_8c9eb4a.patch:Binary a/org.talend.designer.components.tdqprovider/components/tDqReportRun/net.sourceforge.sqlexplorer.jar
./tdq/02_8c9eb4a.patch:Binary a/org.talend.designer.components.tdqprovider/components/tDqReportRun/org.eclipse.swt.unknown.jar
./tdq/02_8c9eb4a.patch:Binary a/org.talend.designer.components.tdqprovider/components/tDqReportRun/org.talend.common.ui.runtime.jar
./tdq/02_8c9eb4a.patch:Binary a/org.talend.designer.components.tdqprovider/components/tDqReportRun/org.talend.commons.runtime.jar
./tdq/02_8c9eb4a.patch:Binary a/org.talend.designer.components.tdqprovider/components/tDqReportRun/org.talend.commons.ui.jar
./tdq/02_8c9eb4a.patch:Binary a/org.talend.designer.components.tdqprovider/components/tDqReportRun/org.talend.core.repository.jar
./tdq/02_8c9eb4a.patch:Binary a/org.talend.designer.components.tdqprovider/components/tDqReportRun/org.talend.core.runtime.jar
./tdq/02_8c9eb4a.patch:Binary a/org.talend.designer.components.tdqprovider/components/tDqReportRun/org.talend.cwm.management.jar
./tdq/02_8c9eb4a.patch:Binary a/org.talend.designer.components.tdqprovider/components/tDqReportRun/org.talend.cwm.mip.jar
./tdq/02_8c9eb4a.patch:Binary a/org.talend.designer.components.tdqprovider/components/tDqReportRun/org.talend.dataprofiler.datamart.jar
./tdq/02_8c9eb4a.patch:Binary a/org.talend.designer.components.tdqprovider/components/tDqReportRun/org.talend.dataprofiler.migration.jar
./tdq/02_8c9eb4a.patch:Binary a/org.talend.designer.components.tdqprovider/components/tDqReportRun/org.talend.dataprofiler.persistence.jar
./tdq/02_8c9eb4a.patch:Binary a/org.talend.designer.components.tdqprovider/components/tDqReportRun/org.talend.dataquality.jar
./tdq/02_8c9eb4a.patch:Binary a/org.talend.designer.components.tdqprovider/components/tDqReportRun/org.talend.dataquality.reporting.engine.jar
./tdq/02_8c9eb4a.patch:Binary a/org.talend.designer.components.tdqprovider/components/tDqReportRun/org.talend.dataquality.reporting.jar
./tdq/02_8c9eb4a.patch:Binary a/org.talend.designer.components.tdqprovider/components/tDqReportRun/org.talend.metadata.managment.jar
./tdq/02_8c9eb4a.patch:Binary a/org.talend.designer.components.tdqprovider/components/tDqReportRun/org.talend.metadata.managment.ui.jar
./tdq/02_8c9eb4a.patch:Binary a/org.talend.designer.components.tdqprovider/components/tDqReportRun/org.talend.model.jar
./tdq/02_8c9eb4a.patch:Binary a/org.talend.designer.components.tdqprovider/components/tDqReportRun/org.talend.repository.jar
./tdq/02_8c9eb4a.patch:Binary a/org.talend.designer.components.tdqprovider/components/tDqReportRun/org.talend.utils.jar

./tdq/05_7bb9525.patch:Binary a/org.talend.designer.components.tdqprovider/components/tDqReportRun/org.talend.dataquality.reporting.engine.jar

./tdq/07_318580d.patch:Binary a/org.talend.dataquality.reporting/reports/subreports/b01_column_set_basic_subreport1.jasper
./tdq/07_318580d.patch:Binary a/org.talend.dataquality.reporting/reports/subreports/s01_column_subreport.jasper
./tdq/07_318580d.patch:Binary a/org.talend.dataquality.reporting/reports/subreports/s03_sub_overview.jasper

./tdq/07_318580d.patch:Binary a/org.talend.designer.components.tdqprovider/components/tDqReportRun/net.sourceforge.sqlexplorer.jar
./tdq/07_318580d.patch:Binary a/org.talend.designer.components.tdqprovider/components/tDqReportRun/org.eclipse.swt.unknown.jar
./tdq/07_318580d.patch:Binary a/org.talend.designer.components.tdqprovider/components/tDqReportRun/org.talend.common.ui.runtime.jar
./tdq/07_318580d.patch:Binary a/org.talend.designer.components.tdqprovider/components/tDqReportRun/org.talend.commons.runtime.jar
./tdq/07_318580d.patch:Binary a/org.talend.designer.components.tdqprovider/components/tDqReportRun/org.talend.commons.ui.jar
./tdq/07_318580d.patch:Binary a/org.talend.designer.components.tdqprovider/components/tDqReportRun/org.talend.core.repository.jar
./tdq/07_318580d.patch:Binary a/org.talend.designer.components.tdqprovider/components/tDqReportRun/org.talend.core.runtime.jar
./tdq/07_318580d.patch:Binary a/org.talend.designer.components.tdqprovider/components/tDqReportRun/org.talend.cwm.management.jar
./tdq/07_318580d.patch:Binary a/org.talend.designer.components.tdqprovider/components/tDqReportRun/org.talend.cwm.mip.jar
./tdq/07_318580d.patch:Binary a/org.talend.designer.components.tdqprovider/components/tDqReportRun/org.talend.dataprofiler.datamart.jar
./tdq/07_318580d.patch:Binary a/org.talend.designer.components.tdqprovider/components/tDqReportRun/org.talend.dataprofiler.migration.jar
./tdq/07_318580d.patch:Binary a/org.talend.designer.components.tdqprovider/components/tDqReportRun/org.talend.dataprofiler.persistence.jar
./tdq/07_318580d.patch:Binary a/org.talend.designer.components.tdqprovider/components/tDqReportRun/org.talend.dataquality.jar
./tdq/07_318580d.patch:Binary a/org.talend.designer.components.tdqprovider/components/tDqReportRun/org.talend.dataquality.reporting.engine.jar
./tdq/07_318580d.patch:Binary a/org.talend.designer.components.tdqprovider/components/tDqReportRun/org.talend.dataquality.reporting.jar
./tdq/07_318580d.patch:Binary a/org.talend.designer.components.tdqprovider/components/tDqReportRun/org.talend.metadata.managment.jar
./tdq/07_318580d.patch:Binary a/org.talend.designer.components.tdqprovider/components/tDqReportRun/org.talend.metadata.managment.ui.jar
./tdq/07_318580d.patch:Binary a/org.talend.designer.components.tdqprovider/components/tDqReportRun/org.talend.model.jar
./tdq/07_318580d.patch:Binary a/org.talend.designer.components.tdqprovider/components/tDqReportRun/org.talend.repository.jar
./tdq/07_318580d.patch:Binary a/org.talend.designer.components.tdqprovider/components/tDqReportRun/org.talend.utils.jar
