a/org.talend.dataquality.reporting/reports/subreports/b01_column_set_basic_subreport1.jasper
a/org.talend.dataquality.reporting/reports/subreports/s01_column_subreport.jasper
a/org.talend.dataquality.reporting/reports/subreports/s03_sub_overview.jasper
a/org.talend.designer.components.tdqprovider/components/tDqReportRun/net.sourceforge.sqlexplorer.jar
a/org.talend.designer.components.tdqprovider/components/tDqReportRun/org.eclipse.swt.unknown.jar
a/org.talend.designer.components.tdqprovider/components/tDqReportRun/org.talend.commons.runtime.jar
a/org.talend.designer.components.tdqprovider/components/tDqReportRun/org.talend.commons.ui.jar
a/org.talend.designer.components.tdqprovider/components/tDqReportRun/org.talend.common.ui.runtime.jar
a/org.talend.designer.components.tdqprovider/components/tDqReportRun/org.talend.core.repository.jar
a/org.talend.designer.components.tdqprovider/components/tDqReportRun/org.talend.core.runtime.jar
a/org.talend.designer.components.tdqprovider/components/tDqReportRun/org.talend.cwm.management.jar
a/org.talend.designer.components.tdqprovider/components/tDqReportRun/org.talend.cwm.mip.jar
a/org.talend.designer.components.tdqprovider/components/tDqReportRun/org.talend.dataprofiler.datamart.jar
a/org.talend.designer.components.tdqprovider/components/tDqReportRun/org.talend.dataprofiler.migration.jar
a/org.talend.designer.components.tdqprovider/components/tDqReportRun/org.talend.dataprofiler.persistence.jar
a/org.talend.designer.components.tdqprovider/components/tDqReportRun/org.talend.dataquality.jar
a/org.talend.designer.components.tdqprovider/components/tDqReportRun/org.talend.dataquality.reporting.engine.jar
a/org.talend.designer.components.tdqprovider/components/tDqReportRun/org.talend.dataquality.reporting.jar
a/org.talend.designer.components.tdqprovider/components/tDqReportRun/org.talend.metadata.managment.jar
a/org.talend.designer.components.tdqprovider/components/tDqReportRun/org.talend.metadata.managment.ui.jar
a/org.talend.designer.components.tdqprovider/components/tDqReportRun/org.talend.model.jar
a/org.talend.designer.components.tdqprovider/components/tDqReportRun/org.talend.repository.jar
a/org.talend.designer.components.tdqprovider/components/tDqReportRun/org.talend.utils.jar

